  -9.89999962       1.34497475E-06   2.31684535E-03
  -9.80000019       5.30989666E-07   1.94964709E-03
  -9.69999981       9.78651471E-08   1.73141481E-03
  -9.60000038      -1.55453179E-07   1.64557667E-03
  -9.50000000       5.00100548E-08   1.63679500E-03
  -9.39999962       6.83436738E-08   1.56791648E-03
  -9.30000019       4.69760053E-08   1.38666818E-03
  -9.19999981      -1.29085748E-07   1.19689945E-03
  -9.10000038       3.86902741E-08   1.08697417E-03
  -9.00000000      -3.41761854E-08   1.03564688E-03
  -8.89999962       8.64827925E-08   9.92863439E-04
  -8.80000019       2.41102125E-08   9.51171853E-04
  -8.69999981       1.59363324E-07   9.33407107E-04
  -8.60000038       2.68218496E-08   9.40801750E-04
  -8.50000000       7.80448488E-08   9.24605527E-04
  -8.39999962      -9.24135790E-08   8.43943330E-04
  -8.30000019      -3.48888491E-08   7.44777033E-04
  -8.19999981      -1.49613086E-07   7.17159186E-04
  -8.10000038       6.79927652E-08   7.78152491E-04
  -8.00000000      -5.59183064E-08   8.42770329E-04
  -7.89999962       1.94149301E-08   8.27132375E-04
  -7.80000019      -1.47290777E-07   7.43333134E-04
  -7.69999981       4.64150531E-08   6.57910656E-04
  -7.59999990      -4.14189429E-08   5.91608405E-04
  -7.50000000       8.68415597E-08   5.05440112E-04
  -7.39999962      -1.29412214E-07   3.85681313E-04
  -7.30000019       6.86172541E-09   2.74224905E-04
  -7.19999981      -1.27883283E-07   2.09626960E-04
  -7.09999990       8.33630125E-08   1.88936770E-04
  -7.00000000      -6.08295849E-08   1.84662975E-04
  -6.89999962       1.09348157E-07   1.86512349E-04
  -6.80000019      -8.06627654E-08   2.10489554E-04
  -6.69999981       9.35405211E-08   2.64444476E-04
  -6.59999990      -4.76271715E-08   3.13718512E-04
  -6.50000000       1.72966622E-07   3.12891876E-04
  -6.39999962      -4.45272015E-08   2.80070934E-04
  -6.30000019       9.20427610E-08   2.57274689E-04
  -6.19999981      -1.02481025E-07   2.25561133E-04
  -6.09999990       1.44353152E-07   1.42025470E-04
  -6.00000000      -1.31969827E-07   1.66237842E-05
  -5.90000010       2.62600484E-08  -9.99789991E-05
  -5.79999971      -1.48751894E-07  -1.77133581E-04
  -5.69999981       1.75408459E-07  -2.18616537E-04
  -5.59999990      -1.65632542E-07  -2.44235911E-04
  -5.50000000       9.14777232E-09  -2.78649881E-04
  -5.40000010      -2.29357994E-07  -3.33355099E-04
  -5.29999971       1.91083316E-07  -3.98472999E-04
  -5.19999981      -6.22404812E-08  -4.57448768E-04
  -5.09999990       1.86506185E-07  -5.04699186E-04
  -5.00000000      -1.33423995E-07  -5.40129200E-04
  -4.90000010       2.21041134E-07  -5.60095010E-04
  -4.79999971      -1.14333133E-07  -5.53800142E-04
  -4.69999981       2.23835627E-07  -4.97269095E-04
  -4.59999990      -1.60646451E-07  -3.85048799E-04
  -4.50000000       1.91006663E-07  -2.86132941E-04
  -4.40000010      -2.52814175E-07  -2.97788007E-04
  -4.29999971       1.30033527E-07  -4.27367573E-04
  -4.19999981      -2.74147766E-07  -5.92038210E-04
  -4.09999990       2.76494347E-07  -7.19124568E-04
  -4.00000000      -1.61496899E-07  -7.92235602E-04
  -3.90000010       2.52639893E-07  -8.33497499E-04
  -3.79999971      -3.48121262E-07  -8.71524098E-04
  -3.69999981       1.97038958E-07  -9.20823019E-04
  -3.59999990      -3.20079806E-07  -9.78919561E-04
  -3.50000000       3.04139405E-07  -1.03715807E-03
  -3.40000010      -2.79295818E-07  -1.08613470E-03
  -3.29999971       4.64181255E-07  -1.12238142E-03
  -3.19999981      -2.77534866E-07  -1.15096662E-03
  -3.09999990       3.43126061E-07  -1.16378302E-03
  -3.00000000      -5.22044559E-07  -1.11770153E-03
  -2.90000010       3.95704689E-07  -9.69075889E-04
  -2.79999971      -4.56006148E-07  -7.61137635E-04
  -2.69999981       4.87640250E-07  -6.34357682E-04
  -2.59999990      -5.34908452E-07  -6.82983082E-04
  -2.50000000       6.30416196E-07  -8.62351793E-04
  -2.40000010      -5.66616620E-07  -1.06643955E-03
  -2.29999971       6.43613248E-07  -1.23344804E-03
  -2.19999981      -8.46349167E-07  -1.35966204E-03
  -2.09999990       6.66543997E-07  -1.45990646E-03
  -2.00000000      -9.74055297E-07  -1.53987110E-03
  -1.89999962       8.54816790E-07  -1.59807585E-03
  -1.80000019      -1.06041443E-06  -1.63262256E-03
  -1.69999981       1.24843632E-06  -1.65095937E-03
  -1.59999943      -1.15274588E-06  -1.67218386E-03
  -1.50000000       1.55226462E-06  -1.71370583E-03
  -1.39999962      -1.56657927E-06  -1.77263492E-03
  -1.30000019       1.85204465E-06  -1.83298264E-03
  -1.19999981      -2.13997532E-06  -1.88004249E-03
  -1.09999943       2.26143106E-06  -1.91277580E-03
  -1.00000000      -2.82575547E-06  -1.93644851E-03
 -0.899999619       3.23319250E-06  -1.95806613E-03
 -0.800000191      -3.48562025E-06  -1.98258553E-03
 -0.699999809       9.13151689E-06  -2.01921514E-03
 -0.599999428       1.18263517E-04  -2.07133358E-03
 -0.500000000       1.93622883E-03  -2.19882210E-03
 -0.399999619       1.83089543E-02  -2.98477313E-03
 -0.300000191      0.105407715      -7.00270850E-03
 -0.199999809      0.367874473      -1.88924577E-02
  -9.99994278E-02  0.778816521      -3.66499200E-02
   0.00000000       1.00000000      -4.30240929E-02
  0.100000381      0.778815806      -2.45319661E-02
  0.199999809      0.367874742       6.80608721E-03
  0.300000191      0.105407514       3.01584117E-02
  0.400000572       1.83093045E-02   3.71736065E-02
  0.500000000       1.93617749E-03   3.37332524E-02
  0.600000381       1.18535805E-04   3.18066292E-02
  0.699999809       8.96590063E-06   3.44806351E-02
  0.800000191      -3.46975003E-06   3.56409252E-02
  0.900000572       3.12357588E-06   3.36719006E-02
   1.00000000      -2.48889592E-06   3.04911193E-02
   1.10000038       2.43535692E-06   2.63240170E-02
   1.19999981      -1.97937175E-06   2.28421539E-02
   1.30000019       1.73547369E-06   1.97315942E-02
   1.40000057      -1.66521693E-06   1.18945241E-02
   1.50000000       1.25967949E-06  -1.26593246E-03
   1.60000038      -1.35888251E-06  -1.45620005E-02
   1.69999981       1.06807590E-06  -2.73482911E-02
   1.80000019      -9.67751134E-07  -3.77135016E-02
   1.90000057       1.00366492E-06  -3.89417261E-02
   2.00000000      -7.32271644E-07  -3.26215029E-02
   2.10000038       9.00179657E-07  -2.30679847E-02
   2.19999981      -5.68573569E-07  -6.79099327E-03
   2.30000019       7.01659530E-07   1.61246620E-02
   2.40000057      -6.29020178E-07   3.36277448E-02
   2.50000000       4.79473840E-07   3.57096530E-02
   2.60000038      -5.24072732E-07   2.76191123E-02
   2.69999981       4.58796563E-07   1.75491441E-02
   2.80000019      -4.62422463E-07   7.57198222E-03
   2.90000057       4.86864963E-07  -2.04809592E-03
   3.00000000      -2.12993044E-07  -1.24121746E-02
   3.10000038       4.58881829E-07  -1.88795254E-02
   3.19999981      -3.96631208E-07  -1.13774491E-02
   3.30000019       1.86690642E-07   5.39585017E-03
   3.40000057      -3.35543405E-07   1.30847199E-02
   3.50000000       3.11797351E-07   6.70366082E-03
   3.60000038      -1.53971399E-07  -3.14948638E-03
   3.69999981       4.20987419E-07  -8.95566028E-03
   3.80000019      -9.66442784E-08  -1.02026844E-02
   3.90000057       2.55517108E-07  -8.50733090E-03
   4.00000000      -3.02138574E-07  -6.30286848E-03
   4.10000038       1.58960859E-07  -6.40744809E-03
   4.19999981      -1.46393347E-07  -1.11707896E-02
   4.30000019       2.84720500E-07  -1.87229458E-02
   4.40000057      -1.31571426E-07  -2.17542332E-02
   4.50000000       1.61557082E-07  -1.73708126E-02
   4.60000038      -2.41572707E-07  -1.11318510E-02
   4.69999981       7.88210457E-08  -7.89765455E-03
   4.80000019      -2.24843959E-07  -7.66365835E-03
   4.90000057       9.96240175E-08  -9.48291738E-03
   5.00000000      -1.55879761E-07  -1.28934700E-02
   5.10000038       7.85724268E-08  -1.44929495E-02
   5.19999981      -2.89475508E-07  -1.05237542E-02
   5.30000019       3.87489365E-08  -3.98246292E-03
   5.40000057      -2.63532751E-09  -7.90550082E-04
   5.50000000       3.35368270E-07  -6.97965908E-04
   5.60000038      -4.15192574E-08  -3.68432200E-04
   5.69999981       5.90164220E-08  -1.53919694E-03
   5.80000019      -2.83701080E-08  -7.31837936E-03
   5.90000057       2.58248747E-07  -1.48544786E-02
   6.00000000      -7.79585463E-08  -1.67900287E-02
   6.10000038       4.20732285E-08  -1.04273828E-02
   6.20000076      -4.02684677E-08  -1.73992687E-03
   6.30000114       1.63458267E-07   3.49255046E-03
   6.39999962      -1.76891348E-07   5.06745605E-03
   6.50000000      -1.00239930E-07   4.46371967E-03
   6.60000038      -2.31873045E-07   1.46717462E-03
   6.70000076       4.69985117E-08  -5.86498762E-03
   6.80000114      -8.27737168E-08  -1.63429901E-02
   6.89999962       4.71029153E-08  -2.22047679E-02
   7.00000000      -1.17333961E-07  -1.82453897E-02
   7.10000038       6.33117665E-08  -9.48042050E-03
   7.20000076      -1.54536330E-08  -2.44669290E-03
   7.30000114       1.79101050E-07   2.67650769E-03
   7.39999962       9.46736733E-09   7.81420618E-03
   7.50000000       4.01694891E-08   1.27072902E-02
   7.60000038      -1.27799296E-07   1.78308096E-02
   7.70000076       1.40578081E-07   2.47551072E-02
   7.80000114       1.17930121E-07   3.00802924E-02
   7.89999962       1.75053515E-07   2.96629146E-02
   8.00000000      -6.43407461E-08   2.61344984E-02
   8.10000038       1.01388366E-07   2.39654835E-02
   8.20000076       1.40009860E-07   2.46393811E-02
   8.30000114       2.62611735E-07   2.64157243E-02
   8.39999962       6.30823527E-09   2.80814897E-02
   8.50000000      -2.48580960E-08   3.15370560E-02
   8.60000038      -2.20730612E-07   3.83722112E-02
   8.70000076      -1.79132826E-07   4.60723080E-02
   8.80000114      -2.15967646E-07   4.77482304E-02
   8.89999962       9.62115099E-09   4.14031073E-02
   9.00000000      -6.08044743E-08   3.11071761E-02
   9.10000038       1.13309284E-07   1.98030472E-02
   9.20000076       1.52161135E-07   9.65495128E-03
   9.30000114       4.74996220E-08   1.52377877E-03
   9.39999962      -3.38849958E-07  -4.78847465E-03
   9.50000000       2.17717755E-08  -9.09016374E-03
   9.60000038       3.79622406E-07  -1.18686305E-02
   9.70000076       4.03840630E-07  -1.43445786E-02
   9.80000114      -2.19900436E-08  -1.67408455E-02
   9.89999962      -1.71441314E-07  -1.77038610E-02
   10.0000000      -3.08887792E-07  -1.73078515E-02
   10.1000004      -1.64089982E-07  -1.71637386E-02
   10.2000008      -1.55100381E-07  -1.67590305E-02
   10.3000011      -6.78304488E-08  -1.44919595E-02
   10.3999996      -1.54828740E-07  -1.11946920E-02
   10.5000000      -7.36184314E-09  -9.49691609E-03
   10.6000004       1.21904520E-07  -9.79659148E-03
   10.7000008       3.01783615E-07  -1.00435643E-02
   10.8000011       1.51708477E-07  -9.46162175E-03
   10.8999996       9.32358901E-08  -8.87542777E-03
   11.0000000       5.62028610E-08  -8.69552419E-03
   11.1000004       1.97984718E-07  -9.22284741E-03
   11.2000008       9.89192657E-08  -1.15373060E-02
   11.3000011      -2.46752965E-08  -1.59888789E-02
   11.3999996      -1.91008439E-07  -1.94148757E-02
   11.5000000      -9.53175601E-08  -1.78041030E-02
   11.6000004       9.74211023E-09  -1.27175627E-02
   11.7000008       2.72714260E-07  -8.95123836E-03
   11.8000011       2.96634965E-07  -8.10822006E-03
   11.8999996       2.38514644E-07  -8.76089651E-03
   12.0000000       1.90764804E-09  -9.48340353E-03
   12.1000004      -7.14282606E-08  -9.71400272E-03
   12.2000008      -1.84929519E-07  -9.04461090E-03
   12.3000011      -6.75504808E-08  -7.72841973E-03
   12.3999996       1.94077598E-09  -7.20470026E-03
   12.5000000       1.07363839E-07  -8.04436672E-03
   12.6000004      -3.72708975E-09  -8.45530350E-03
   12.7000008       7.36897077E-09  -6.71838643E-03
   12.8000011      -8.20004331E-08  -3.84304277E-03
   12.8999996      -1.28650981E-07  -1.86410954E-03
   13.0000000      -3.05042420E-07  -1.05249498E-03
   13.1000004      -3.74732991E-07  -5.98023238E-04
   13.2000008      -3.82394688E-07  -1.77395996E-04
   13.3000011      -1.21486039E-07   1.76963586E-04
   13.3999996       1.57352687E-07   1.02711041E-04
   13.5000000       5.05793082E-07  -1.14494760E-03
   13.6000004       6.26455119E-07  -3.52659961E-03
   13.7000008       5.49188087E-07  -5.73279755E-03
   13.8000011       2.20045806E-07  -6.91683590E-03
   13.8999996      -1.25038213E-07  -7.58108590E-03
   14.0000000      -4.19238035E-07  -7.53973005E-03
   14.1000004      -3.16429407E-07  -5.98543230E-03
   14.2000008      -2.36334841E-07  -3.53241712E-03
   14.3000011      -2.17774542E-07  -8.99583451E-04
   14.3999996      -3.14612180E-07   2.06206343E-03
   14.5000000      -1.87297104E-07   4.54495102E-03
   14.6000004       7.77511815E-08   4.91398945E-03
   14.7000008       5.79361995E-07   3.17467633E-03
   14.8000011       7.50950846E-07   1.56096846E-03
   14.8999996       3.61427624E-07   2.42604315E-03
   15.0000000      -2.24054077E-07   5.46975899E-03
   15.1000004      -2.45957608E-07   7.57593568E-03
   15.2000008      -2.27687352E-07   6.69671083E-03
   15.3000011      -2.74868341E-07   4.11539478E-03
   15.3999996      -1.22775646E-07   1.99269736E-03
   15.5000000       2.37497119E-07   8.86344525E-04
   15.6000004       2.96348674E-07   6.43640451E-05
   15.7000008       2.59440128E-07  -7.93573621E-04
   15.8000011       5.95517946E-08  -9.07399168E-04
   15.8999996      -7.99280357E-08   4.25908831E-04
   16.0000000      -2.19385797E-07   2.71214102E-03
   16.1000004      -9.70710090E-08   4.50019538E-03
   16.2000008       1.40335388E-08   4.52057552E-03
   16.3000011       1.43595031E-07   2.63844663E-03
   16.3999996       1.57770401E-07  -6.51530805E-04
   16.5000000       2.57854765E-07  -4.88299597E-03
   16.6000004       2.29370656E-07  -8.42275750E-03
   16.7000008       1.29416478E-07  -8.79760645E-03
   16.8000011      -1.02751287E-07  -6.28333446E-03
   16.8999996      -1.57642972E-07  -3.70584056E-03
   17.0000000      -1.15032989E-07  -2.31583021E-03
   17.1000004       2.92107352E-08  -1.17893913E-03
   17.2000008       9.61778923E-09   4.03199985E-04
   17.3000011      -1.11619523E-08   2.23913160E-03
   17.3999996      -1.04020629E-07   4.25877329E-03
   17.5000000      -3.46697533E-08   5.74511709E-03
   17.6000004      -1.85956299E-08   4.97644907E-03
   17.7000008      -1.25013964E-08   2.06188206E-03
   17.8000011      -2.01285033E-08  -6.76666969E-04
   17.8999996       1.77861452E-07  -1.66612014E-03
   18.0000000       1.10188410E-07  -2.97782186E-04
   18.1000004      -3.07436352E-07   4.06889524E-03
   18.2000008      -6.64675269E-07   1.05942292E-02
   18.3000011      -1.98736231E-07   1.59793776E-02
   18.3999996       5.88364912E-07   1.68752093E-02
   18.5000000       9.05583136E-07   1.26630142E-02
   18.6000004       3.43537408E-07   6.00454491E-03
   18.7000008      -6.54987332E-07   5.12694765E-04
   18.8000011      -1.16704177E-06  -2.20520003E-03
   18.8999996      -5.43439342E-07  -2.70476681E-03
   19.0000000       3.46305939E-07  -1.96418376E-03
   19.1000004       7.10634993E-07  -1.81956231E-04
   19.2000008       5.45724561E-07   2.55421503E-03
   19.3000011       4.58126010E-07   4.78043826E-03
   19.3999996       2.38725221E-07   4.61595878E-03
   19.5000000       1.54239430E-08   2.26958958E-03
   19.6000004      -2.00562894E-07  -4.67892358E-04
   19.7000008      -2.01398279E-07  -2.37205275E-03
   19.8000011      -2.65790590E-07  -3.14694806E-03
   19.8999996      -2.63804111E-07  -2.80246302E-03
   20.0000000      -2.01672961E-07  -1.36282796E-03
   20.1000004      -1.58962337E-07   7.32252782E-04
   20.2000008      -4.16132849E-07   2.29008961E-03
   20.3000011      -4.61436770E-07   2.40979390E-03
   20.3999996       1.06577644E-08   1.61332078E-03
   20.5000000       6.71403086E-07   9.62867809E-04
   20.6000004       6.08221796E-07   6.91575871E-04
   20.7000008      -2.95786986E-08   6.02966989E-04
   20.8000011      -4.64156301E-07   1.03230728E-03
   20.8999996      -3.48028180E-07   2.32467242E-03
   21.0000000      -1.58709639E-07   3.69931967E-03
   21.1000004       3.11575889E-07   3.97450896E-03
   21.2000008       7.85627492E-07   3.35466047E-03
   21.3000011       7.60171019E-07   2.81843008E-03
   21.3999996       4.11077608E-08   2.67691491E-03
   21.5000000      -6.43913097E-07   3.02370405E-03
   21.6000004      -8.22018990E-07   3.98881687E-03
   21.7000008      -4.25201847E-07   4.81888419E-03
   21.8000011      -8.07168163E-08   4.19419026E-03
   21.8999996       1.81688851E-08   2.13735038E-03
   22.0000000      -5.24092023E-08   1.88878712E-05
   22.1000023       1.13884298E-07  -1.28508406E-03
   22.2000008       2.48773489E-07  -1.97410374E-03
   22.2999992       2.86469117E-07  -2.68418156E-03
   22.4000015       2.34415026E-07  -3.97773553E-03
   22.5000000       3.33694231E-07  -6.29855460E-03
   22.6000023       1.63260779E-07  -9.84140020E-03
   22.7000008      -1.75648807E-07  -1.35741513E-02
   22.7999992      -4.19709409E-07  -1.52259050E-02
   22.9000015      -1.24789523E-07  -1.35814156E-02
   23.0000000       2.28791848E-07  -9.80932266E-03
   23.1000023       3.15077983E-07  -6.51918817E-03
   23.2000008       2.55266372E-07  -5.65178553E-03
   23.2999992       2.70193567E-07  -6.83439011E-03
   23.4000015       2.06355196E-07  -8.24277289E-03
   23.5000000       2.38971865E-07  -8.61950312E-03
   23.6000023       1.37369852E-07  -7.90391304E-03
   23.7000008      -7.73799016E-08  -6.62688911E-03
   23.7999992      -2.28715749E-07  -5.63318981E-03
   23.9000015      -2.38497051E-07  -5.90669084E-03
   24.0000000      -4.70950567E-07  -7.40697188E-03
   24.1000023      -6.36000550E-07  -8.24434403E-03
   24.2000008      -4.54442187E-07  -6.47632964E-03
   24.2999992      -4.34055529E-08  -1.93429505E-03
   24.4000015       2.21678231E-08   3.60822096E-03
   24.5000000      -1.87613523E-07   6.58055441E-03
   24.6000023      -2.89107334E-07   5.05159935E-03
   24.7000008       1.05882563E-07   1.36543356E-03
   24.7999992       5.53717655E-07  -1.52120413E-03
   24.9000015       6.15607860E-07  -2.76719453E-03
   25.0000000       2.26294745E-07  -2.42880220E-03
   25.1000023       7.69694495E-08  -2.43909803E-04
   25.2000008       2.06357754E-07   3.84894828E-03
   25.2999992       2.12329510E-07   7.62837706E-03
   25.4000015      -1.06164755E-07   7.61405565E-03
   25.5000000      -1.69863611E-07   3.96748446E-03
   25.6000023       4.24659028E-08   2.05941047E-04
   25.7000008       3.82193122E-07  -1.46578765E-03
   25.7999992       1.06164755E-07  -7.66250421E-04
   25.9000015      -2.12329510E-07   2.75537092E-03
   26.0000000      -2.52804824E-07   9.45919100E-03
   26.1000023      -7.86282754E-08   1.63487960E-02
   26.2000008      -3.10583744E-07   1.73145570E-02
   26.2999992      -6.68614746E-07   1.10210581E-02
   26.4000015      -6.46297394E-07   3.33169173E-03
   26.5000000      -8.38697716E-08  -7.35153793E-04
   26.6000023       2.94352219E-07  -6.74978306E-04
   26.7000008       2.56373482E-07   2.89607374E-03
   26.7999992      -2.19132481E-08   9.90031660E-03
   26.9000015       7.18454771E-08   1.77534353E-02
   27.0000000       4.55884901E-07   2.02937815E-02
   27.1000023       6.94822859E-07   1.52441468E-02
   27.2000008       4.25196845E-07   7.71958055E-03
   27.2999992       2.47193015E-07   2.58384459E-03
   27.4000015       2.36102508E-07   8.49985576E-04
   27.5000000       1.24046892E-07   3.44592752E-03
   27.6000023      -2.11581551E-07   1.09886583E-02
   27.7000008      -2.76560684E-07   1.85763650E-02
   27.7999992      -3.09084697E-07   1.86969601E-02
   27.9000015      -3.35939461E-07   1.17544746E-02
   28.0000000      -3.97569011E-07   4.84981993E-03
   28.1000023      -3.97407831E-07   2.23771413E-03
   28.2000008      -3.50034696E-07   4.26370557E-03
   28.2999992       1.92605967E-07   1.04011735E-02
   28.4000015       5.23257768E-07   1.72457397E-02
   28.5000000       2.68231901E-07   1.81006752E-02
   28.6000023      -3.16503673E-07   1.13345096E-02
   28.7000008      -5.07495656E-07   3.09493416E-03
   28.7999992      -4.75409990E-07  -1.22328836E-03
   28.9000015      -4.17266648E-07  -5.21983893E-04
   29.0000000      -3.75667270E-07   4.46213130E-03
   29.1000023      -9.10653952E-08   1.06133316E-02
   29.2000008       6.09825079E-08   1.25368573E-02
   29.2999992       1.64856004E-08   8.36934708E-03
   29.4000015       5.00794464E-08   2.27865344E-03
   29.5000000       6.27787927E-07  -9.96225863E-04
   29.6000023       1.11857673E-06   4.37929629E-07
   29.7000008       9.16105648E-07   3.51756322E-03
   29.7999992      -1.73855241E-07   5.98125206E-03
   29.9000015      -1.17498007E-06   5.16430242E-03
   30.0000000      -1.26353098E-06   2.07265071E-03
   30.1000023      -4.46123238E-07  -9.46405751E-04
   30.2000008       1.88833667E-07  -2.66141351E-03
   30.2999992       5.81323434E-07  -3.47688654E-03
   30.4000015       7.00553130E-07  -4.38079331E-03
   30.5000000       1.05837337E-07  -5.31634595E-03
   30.6000023      -1.01328305E-06  -5.32785337E-03
   30.7000008      -1.03180139E-06  -4.51433752E-03
   30.7999992       1.55173585E-09  -3.98469483E-03
   30.9000015       8.55590486E-07  -4.38408414E-03
   31.0000000       6.78413016E-07  -6.26608077E-03
   31.1000023       3.06124178E-07  -9.55552980E-03
   31.2000008       2.83508911E-07  -1.14288721E-02
   31.2999992       4.63999413E-07  -9.19914152E-03
   31.4000015       3.54621847E-07  -4.91596246E-03
   31.5000000       3.60378692E-07  -2.45596631E-03
   31.6000023       2.78613129E-07  -3.12826992E-03
   31.7000008      -1.15251844E-08  -6.75172638E-03
   31.7999992      -5.76904597E-07  -1.24694938E-02
   31.9000015      -9.19662170E-07  -1.65707022E-02
   32.0000000      -1.13115811E-06  -1.47211375E-02
   32.1000023      -1.29924695E-06  -8.13918374E-03
   32.2000008      -6.68757480E-07  -2.26727035E-03
   32.2999992       1.10966744E-06  -4.29881002E-05
   32.4000015       2.22607900E-06  -7.29404332E-04
   32.5000000       1.24823941E-06  -2.68733734E-03
   32.6000023      -8.36850631E-07  -4.25210223E-03
   32.7000008      -1.82200313E-06  -4.24170354E-03
   32.7999992      -1.21469748E-06  -3.13938619E-03
   32.9000015       4.79181608E-07  -2.52761110E-03
   33.0000000       1.34333470E-06  -3.37490137E-03
   33.1000023       7.14937642E-07  -4.97685606E-03
   33.2000008      -2.70035940E-07  -5.92728052E-03
   33.2999992      -2.72646560E-07  -5.65599324E-03
   33.4000015       7.62813173E-08  -4.06493573E-03
   33.5000000       2.16744354E-07  -1.59909867E-03
   33.6000023       1.07675916E-07   4.78909235E-04
   33.7000008       1.95243103E-07   1.10438548E-03
   33.7999992       1.69352461E-07  -1.12589056E-04
   33.9000015       6.26468335E-08  -3.45233991E-03
   34.0000000      -1.26710717E-07  -8.82447232E-03
   34.1000023      -3.34276713E-08  -1.38165867E-02
   34.2000008       2.39546580E-07  -1.44496979E-02
   34.2999992       4.66348752E-07  -1.01834908E-02
   34.4000015       2.18929316E-07  -4.90399310E-03
   34.5000000      -2.06321943E-07  -1.76440785E-03
   34.6000023      -5.99537486E-07  -8.31491663E-04
   34.7000008      -5.40771282E-07  -1.10263249E-03
   34.7999992      -4.78435140E-07  -1.59926189E-03
   34.9000015      -3.56704419E-07  -1.72138889E-03
   35.0000000      -1.80030355E-07  -2.29971414E-03
   35.1000023       2.77436300E-07  -4.83694999E-03
   35.2000008       4.43252645E-07  -8.25320277E-03
   35.2999992       3.01089585E-07  -9.07737389E-03
   35.4000015      -2.64369788E-07  -6.65068999E-03
   35.5000000      -6.56322413E-07  -3.77969630E-03
   35.6000023      -9.19507556E-07  -2.25131260E-03
   35.7000008      -6.09639926E-07  -1.59312098E-03
   35.7999992       1.76911030E-07  -8.58026207E-04
   35.9000015       6.85265832E-07  -1.98642228E-04
   36.0000000       4.53132088E-07  -1.12325966E-03
   36.1000023       7.38311144E-07  -4.74820612E-03
   36.2000008       5.69599479E-07  -9.15613491E-03
   36.2999992      -9.35153139E-07  -1.04600172E-02
   36.4000015      -2.20554602E-06  -8.03057197E-03
   36.5000000      -1.53535052E-06  -4.83900309E-03
   36.6000023      -2.70809124E-07  -2.77166092E-03
   36.7000008       6.60938326E-07  -1.62139698E-03
   36.7999992       9.03983107E-07  -9.89818829E-04
   36.9000015       7.90166212E-07  -1.13392062E-03
   37.0000000       6.28693556E-07  -2.89862161E-03
   37.1000023       1.08871700E-06  -6.44653896E-03
   37.2000008       1.16459614E-06  -9.18023009E-03
   37.2999992       4.12394911E-07  -8.03062413E-03
   37.4000015      -8.66863957E-07  -4.19117417E-03
   37.5000000      -1.76663752E-06  -1.17595645E-03
   37.6000023      -2.15874047E-06  -8.37208645E-05
   37.7000008      -1.61545381E-06   1.25195453E-04
   37.7999992      -6.31823752E-07   1.07778127E-04
   37.9000015       4.75704212E-07  -4.99438145E-04
   38.0000000       1.19639390E-06  -2.10398016E-03
   38.1000023       1.52226517E-06  -3.79738258E-03
   38.2000008       1.19277240E-06  -3.56937665E-03
   38.2999992       8.84414987E-07  -1.13416545E-03
   38.4000015       4.21727663E-07   1.38074893E-03
   38.5000000       2.98514607E-07   2.34978134E-03
   38.6000023      -1.19616629E-07   2.14249757E-03
   38.7000008      -3.36570878E-07   1.81461428E-03
   38.7999992      -2.16109129E-07   1.69373397E-03
   38.9000015       3.19798488E-07   1.49233930E-03
   39.0000000       4.92393269E-07   1.23516133E-03
   39.1000023       3.87574886E-07   1.47519435E-03
   39.2000008      -1.52629909E-07   2.54158699E-03
   39.2999992      -7.45501097E-07   4.10340726E-03
   39.4000015      -1.24161750E-06   5.64202806E-03
   39.5000000      -8.59370004E-07   6.76174089E-03
   39.6000023      -1.54022956E-07   7.04350695E-03
   39.7000008       5.67440168E-07   6.46665459E-03
   39.7999992       6.54568112E-07   5.83898323E-03
   39.9000015       2.98522423E-07   5.77357411E-03
   40.0000000      -4.59971346E-07   5.79238031E-03
   40.1000023      -6.04120544E-07   5.36139263E-03
   40.2000008      -4.07985453E-07   4.76659089E-03
   40.2999992      -2.65862411E-07   4.34689922E-03
   40.4000015      -8.29836495E-07   3.96773266E-03
   40.5000000      -1.10921110E-06   3.67520819E-03
   40.6000023      -6.93296386E-07   4.11656685E-03
   40.7000008       2.21612410E-07   5.64819342E-03
   40.7999992       4.77081528E-07   7.24546611E-03
   40.9000015       5.01442742E-07   7.29649561E-03
   41.0000000       5.84583518E-07   5.77067118E-03
   41.1000023       1.27081432E-06   4.04754607E-03
   41.2000008       1.57441730E-06   2.93289660E-03
